<?xml version="1.0" encoding="UTF-8"?>
<testsuite xmlns:xsi="http://www.w3.org/2001/XMLSchema-instance" xsi:noNamespaceSchemaLocation="https://maven.apache.org/surefire/maven-surefire-plugin/xsd/surefire-test-report-3.0.xsd" version="3.0" name="com.example.SpringMVC_ContentApproval.AppTest" time="0.037" tests="1" errors="0" skipped="0" failures="0">
  <properties>
    <property name="java.specification.version" value="21"/>
    <property name="sun.jnu.encoding" value="UTF-8"/>
    <property name="java.class.path" value="/home/karthikeyan/MyProjects/CMSWorld/SimpleCMS/target/test-classes:/home/karthikeyan/MyProjects/CMSWorld/SimpleCMS/target/classes:/home/karthikeyan/.m2/repository/junit/junit/3.8.1/junit-3.8.1.jar:/home/karthikeyan/.m2/repository/org/springframework/spring-webmvc/5.3.30/spring-webmvc-5.3.30.jar:/home/karthikeyan/.m2/repository/org/springframework/spring-aop/5.3.30/spring-aop-5.3.30.jar:/home/karthikeyan/.m2/repository/org/springframework/spring-beans/5.3.30/spring-beans-5.3.30.jar:/home/karthikeyan/.m2/repository/org/springframework/spring-context/5.3.30/spring-context-5.3.30.jar:/home/karthikeyan/.m2/repository/org/springframework/spring-core/5.3.30/spring-core-5.3.30.jar:/home/karthikeyan/.m2/repository/org/springframework/spring-jcl/5.3.30/spring-jcl-5.3.30.jar:/home/karthikeyan/.m2/repository/org/springframework/spring-expression/5.3.30/spring-expression-5.3.30.jar:/home/karthikeyan/.m2/repository/org/springframework/spring-web/5.3.30/spring-web-5.3.30.jar:/home/karthikeyan/.m2/repository/org/thymeleaf/thymeleaf-spring5/3.0.15.RELEASE/thymeleaf-spring5-3.0.15.RELEASE.jar:/home/karthikeyan/.m2/repository/org/thymeleaf/thymeleaf/3.0.15.RELEASE/thymeleaf-3.0.15.RELEASE.jar:/home/karthikeyan/.m2/repository/org/attoparser/attoparser/2.0.5.RELEASE/attoparser-2.0.5.RELEASE.jar:/home/karthikeyan/.m2/repository/org/unbescape/unbescape/1.1.6.RELEASE/unbescape-1.1.6.RELEASE.jar:/home/karthikeyan/.m2/repository/org/slf4j/slf4j-api/1.7.25/slf4j-api-1.7.25.jar:/home/karthikeyan/.m2/repository/org/springframework/spring-orm/5.3.30/spring-orm-5.3.30.jar:/home/karthikeyan/.m2/repository/org/springframework/spring-jdbc/5.3.30/spring-jdbc-5.3.30.jar:/home/karthikeyan/.m2/repository/org/springframework/spring-tx/5.3.30/spring-tx-5.3.30.jar:/home/karthikeyan/.m2/repository/org/hibernate/hibernate-core/5.6.15.Final/hibernate-core-5.6.15.Final.jar:/home/karthikeyan/.m2/repository/org/jboss/logging/jboss-logging/3.4.3.Final/jboss-logging-3.4.3.Final.jar:/home/karthikeyan/.m2/repository/javax/persistence/javax.persistence-api/2.2/javax.persistence-api-2.2.jar:/home/karthikeyan/.m2/repository/net/bytebuddy/byte-buddy/1.12.18/byte-buddy-1.12.18.jar:/home/karthikeyan/.m2/repository/antlr/antlr/2.7.7/antlr-2.7.7.jar:/home/karthikeyan/.m2/repository/org/jboss/spec/javax/transaction/jboss-transaction-api_1.2_spec/1.1.1.Final/jboss-transaction-api_1.2_spec-1.1.1.Final.jar:/home/karthikeyan/.m2/repository/org/jboss/jandex/2.4.2.Final/jandex-2.4.2.Final.jar:/home/karthikeyan/.m2/repository/com/fasterxml/classmate/1.5.1/classmate-1.5.1.jar:/home/karthikeyan/.m2/repository/javax/activation/javax.activation-api/1.2.0/javax.activation-api-1.2.0.jar:/home/karthikeyan/.m2/repository/org/hibernate/common/hibernate-commons-annotations/5.1.2.Final/hibernate-commons-annotations-5.1.2.Final.jar:/home/karthikeyan/.m2/repository/javax/xml/bind/jaxb-api/2.3.1/jaxb-api-2.3.1.jar:/home/karthikeyan/.m2/repository/org/glassfish/jaxb/jaxb-runtime/2.3.1/jaxb-runtime-2.3.1.jar:/home/karthikeyan/.m2/repository/org/glassfish/jaxb/txw2/2.3.1/txw2-2.3.1.jar:/home/karthikeyan/.m2/repository/com/sun/istack/istack-commons-runtime/3.0.7/istack-commons-runtime-3.0.7.jar:/home/karthikeyan/.m2/repository/org/jvnet/staxex/stax-ex/1.8/stax-ex-1.8.jar:/home/karthikeyan/.m2/repository/com/sun/xml/fastinfoset/FastInfoset/1.2.15/FastInfoset-1.2.15.jar:/home/karthikeyan/.m2/repository/com/h2database/h2/2.2.224/h2-2.2.224.jar:/home/karthikeyan/.m2/repository/org/springframework/data/spring-data-jpa/2.4.4/spring-data-jpa-2.4.4.jar:/home/karthikeyan/.m2/repository/org/springframework/data/spring-data-commons/2.4.4/spring-data-commons-2.4.4.jar:/home/karthikeyan/.m2/repository/org/aspectj/aspectjrt/1.9.6/aspectjrt-1.9.6.jar:/home/karthikeyan/.m2/repository/javax/servlet/javax.servlet-api/4.0.1/javax.servlet-api-4.0.1.jar:"/>
    <property name="java.vm.vendor" value="Oracle Corporation"/>
    <property name="sun.arch.data.model" value="64"/>
    <property name="java.vendor.url" value="https://java.oracle.com/"/>
    <property name="os.name" value="Linux"/>
    <property name="java.vm.specification.version" value="21"/>
    <property name="sun.java.launcher" value="SUN_STANDARD"/>
    <property name="user.country" value="IN"/>
    <property name="sun.boot.library.path" value="/usr/lib/jvm/jdk-21-oracle-x64/lib"/>
    <property name="sun.java.command" value="/home/karthikeyan/MyProjects/CMSWorld/SimpleCMS/target/surefire/surefirebooter-20250223133651545_3.jar /home/karthikeyan/MyProjects/CMSWorld/SimpleCMS/target/surefire 2025-02-23T13-36-51_438-jvmRun1 surefire-20250223133651545_1tmp surefire_0-20250223133651545_2tmp"/>
    <property name="jdk.debug" value="release"/>
    <property name="surefire.test.class.path" value="/home/karthikeyan/MyProjects/CMSWorld/SimpleCMS/target/test-classes:/home/karthikeyan/MyProjects/CMSWorld/SimpleCMS/target/classes:/home/karthikeyan/.m2/repository/junit/junit/3.8.1/junit-3.8.1.jar:/home/karthikeyan/.m2/repository/org/springframework/spring-webmvc/5.3.30/spring-webmvc-5.3.30.jar:/home/karthikeyan/.m2/repository/org/springframework/spring-aop/5.3.30/spring-aop-5.3.30.jar:/home/karthikeyan/.m2/repository/org/springframework/spring-beans/5.3.30/spring-beans-5.3.30.jar:/home/karthikeyan/.m2/repository/org/springframework/spring-context/5.3.30/spring-context-5.3.30.jar:/home/karthikeyan/.m2/repository/org/springframework/spring-core/5.3.30/spring-core-5.3.30.jar:/home/karthikeyan/.m2/repository/org/springframework/spring-jcl/5.3.30/spring-jcl-5.3.30.jar:/home/karthikeyan/.m2/repository/org/springframework/spring-expression/5.3.30/spring-expression-5.3.30.jar:/home/karthikeyan/.m2/repository/org/springframework/spring-web/5.3.30/spring-web-5.3.30.jar:/home/karthikeyan/.m2/repository/org/thymeleaf/thymeleaf-spring5/3.0.15.RELEASE/thymeleaf-spring5-3.0.15.RELEASE.jar:/home/karthikeyan/.m2/repository/org/thymeleaf/thymeleaf/3.0.15.RELEASE/thymeleaf-3.0.15.RELEASE.jar:/home/karthikeyan/.m2/repository/org/attoparser/attoparser/2.0.5.RELEASE/attoparser-2.0.5.RELEASE.jar:/home/karthikeyan/.m2/repository/org/unbescape/unbescape/1.1.6.RELEASE/unbescape-1.1.6.RELEASE.jar:/home/karthikeyan/.m2/repository/org/slf4j/slf4j-api/1.7.25/slf4j-api-1.7.25.jar:/home/karthikeyan/.m2/repository/org/springframework/spring-orm/5.3.30/spring-orm-5.3.30.jar:/home/karthikeyan/.m2/repository/org/springframework/spring-jdbc/5.3.30/spring-jdbc-5.3.30.jar:/home/karthikeyan/.m2/repository/org/springframework/spring-tx/5.3.30/spring-tx-5.3.30.jar:/home/karthikeyan/.m2/repository/org/hibernate/hibernate-core/5.6.15.Final/hibernate-core-5.6.15.Final.jar:/home/karthikeyan/.m2/repository/org/jboss/logging/jboss-logging/3.4.3.Final/jboss-logging-3.4.3.Final.jar:/home/karthikeyan/.m2/repository/javax/persistence/javax.persistence-api/2.2/javax.persistence-api-2.2.jar:/home/karthikeyan/.m2/repository/net/bytebuddy/byte-buddy/1.12.18/byte-buddy-1.12.18.jar:/home/karthikeyan/.m2/repository/antlr/antlr/2.7.7/antlr-2.7.7.jar:/home/karthikeyan/.m2/repository/org/jboss/spec/javax/transaction/jboss-transaction-api_1.2_spec/1.1.1.Final/jboss-transaction-api_1.2_spec-1.1.1.Final.jar:/home/karthikeyan/.m2/repository/org/jboss/jandex/2.4.2.Final/jandex-2.4.2.Final.jar:/home/karthikeyan/.m2/repository/com/fasterxml/classmate/1.5.1/classmate-1.5.1.jar:/home/karthikeyan/.m2/repository/javax/activation/javax.activation-api/1.2.0/javax.activation-api-1.2.0.jar:/home/karthikeyan/.m2/repository/org/hibernate/common/hibernate-commons-annotations/5.1.2.Final/hibernate-commons-annotations-5.1.2.Final.jar:/home/karthikeyan/.m2/repository/javax/xml/bind/jaxb-api/2.3.1/jaxb-api-2.3.1.jar:/home/karthikeyan/.m2/repository/org/glassfish/jaxb/jaxb-runtime/2.3.1/jaxb-runtime-2.3.1.jar:/home/karthikeyan/.m2/repository/org/glassfish/jaxb/txw2/2.3.1/txw2-2.3.1.jar:/home/karthikeyan/.m2/repository/com/sun/istack/istack-commons-runtime/3.0.7/istack-commons-runtime-3.0.7.jar:/home/karthikeyan/.m2/repository/org/jvnet/staxex/stax-ex/1.8/stax-ex-1.8.jar:/home/karthikeyan/.m2/repository/com/sun/xml/fastinfoset/FastInfoset/1.2.15/FastInfoset-1.2.15.jar:/home/karthikeyan/.m2/repository/com/h2database/h2/2.2.224/h2-2.2.224.jar:/home/karthikeyan/.m2/repository/org/springframework/data/spring-data-jpa/2.4.4/spring-data-jpa-2.4.4.jar:/home/karthikeyan/.m2/repository/org/springframework/data/spring-data-commons/2.4.4/spring-data-commons-2.4.4.jar:/home/karthikeyan/.m2/repository/org/aspectj/aspectjrt/1.9.6/aspectjrt-1.9.6.jar:/home/karthikeyan/.m2/repository/javax/servlet/javax.servlet-api/4.0.1/javax.servlet-api-4.0.1.jar:"/>
    <property name="sun.cpu.endian" value="little"/>
    <property name="user.home" value="/home/karthikeyan"/>
    <property name="user.language" value="en"/>
    <property name="java.specification.vendor" value="Oracle Corporation"/>
    <property name="java.version.date" value="2024-01-16"/>
    <property name="java.home" value="/usr/lib/jvm/jdk-21-oracle-x64"/>
    <property name="file.separator" value="/"/>
    <property name="basedir" value="/home/karthikeyan/MyProjects/CMSWorld/SimpleCMS"/>
    <property name="style.color" value="always"/>
    <property name="java.vm.compressedOopsMode" value="Zero based"/>
    <property name="line.separator" value="&#10;"/>
    <property name="java.specification.name" value="Java Platform API Specification"/>
    <property name="java.vm.specification.vendor" value="Oracle Corporation"/>
    <property name="surefire.real.class.path" value="/home/karthikeyan/MyProjects/CMSWorld/SimpleCMS/target/surefire/surefirebooter-20250223133651545_3.jar"/>
    <property name="sun.management.compiler" value="HotSpot 64-Bit Tiered Compilers"/>
    <property name="java.runtime.version" value="21.0.2+13-LTS-58"/>
    <property name="user.name" value="karthikeyan"/>
    <property name="stdout.encoding" value="UTF-8"/>
    <property name="path.separator" value=":"/>
    <property name="os.version" value="6.8.0-48-generic"/>
    <property name="java.runtime.name" value="Java(TM) SE Runtime Environment"/>
    <property name="file.encoding" value="UTF-8"/>
    <property name="java.vm.name" value="Java HotSpot(TM) 64-Bit Server VM"/>
    <property name="localRepository" value="/home/karthikeyan/.m2/repository"/>
    <property name="java.vendor.url.bug" value="https://bugreport.java.com/bugreport/"/>
    <property name="java.io.tmpdir" value="/tmp"/>
    <property name="java.version" value="21.0.2"/>
    <property name="user.dir" value="/home/karthikeyan/MyProjects/CMSWorld/SimpleCMS"/>
    <property name="os.arch" value="amd64"/>
    <property name="java.vm.specification.name" value="Java Virtual Machine Specification"/>
    <property name="native.encoding" value="UTF-8"/>
    <property name="java.library.path" value="/usr/java/packages/lib:/usr/lib64:/lib64:/lib:/usr/lib"/>
    <property name="java.vm.info" value="mixed mode, sharing"/>
    <property name="stderr.encoding" value="UTF-8"/>
    <property name="java.vendor" value="Oracle Corporation"/>
    <property name="java.vm.version" value="21.0.2+13-LTS-58"/>
    <property name="sun.io.unicode.encoding" value="UnicodeLittle"/>
    <property name="java.class.version" value="65.0"/>
  </properties>
  <testcase name="testApp" classname="com.example.SpringMVC_ContentApproval.AppTest" time="0.005"/>
</testsuite>